<?xml version="1.0" encoding="UTF-8"?>
<testng-results skipped="0" failed="1" total="1" passed="0">
  <reporter-output>
  </reporter-output>
  <suite name="Page Object test Portal2" duration-ms="7071" started-at="2016-02-17T03:38:37Z" finished-at="2016-02-17T03:38:44Z">
    <groups>
    </groups>
    <test name="sample test" duration-ms="7071" started-at="2016-02-17T03:38:37Z" finished-at="2016-02-17T03:38:44Z">
      <class name="com.qoh332.common.tests.BasePageTestPortal2">
        <test-method status="PASS" signature="initializeTestBaseSetup(java.lang.String, java.lang.String)[pri:0, instance:com.qoh332.common.tests.BasePageTestPortal2@3b6eb2ec]" name="initializeTestBaseSetup" is-config="true" duration-ms="6335" started-at="2016-02-17T13:38:37Z" finished-at="2016-02-17T13:38:44Z">
          <params>
            <param index="0">
              <value>
                <![CDATA[firefox]]>
              </value>
            </param>
            <param index="1">
              <value>
                <![CDATA[http://brandy.custman.com.au:7789/iTrack/]]>
              </value>
            </param>
          </params>
          <reporter-output>
          </reporter-output>
        </test-method> <!-- initializeTestBaseSetup -->
        <test-method status="PASS" signature="setUp()[pri:0, instance:com.qoh332.common.tests.BasePageTestPortal2@3b6eb2ec]" name="setUp" is-config="true" duration-ms="0" started-at="2016-02-17T13:38:44Z" finished-at="2016-02-17T13:38:44Z">
          <reporter-output>
          </reporter-output>
        </test-method> <!-- setUp -->
        <test-method status="FAIL" signature="verifyHomePage()[pri:0, instance:com.qoh332.common.tests.BasePageTestPortal2@3b6eb2ec]" name="verifyHomePage" duration-ms="30" started-at="2016-02-17T13:38:44Z" finished-at="2016-02-17T13:38:44Z">
          <exception class="java.lang.AssertionError">
            <message>
              <![CDATA[Home Page title doesn't match expected [true] but found [false]]]>
            </message>
            <full-stacktrace>
              <![CDATA[java.lang.AssertionError: Home Page title doesn't match expected [true] but found [false]
	at org.testng.Assert.fail(Assert.java:94)
	at org.testng.Assert.failNotEquals(Assert.java:496)
	at org.testng.Assert.assertTrue(Assert.java:42)
	at com.qoh332.common.tests.BasePageTestPortal2.verifyHomePage(BasePageTestPortal2.java:26)
	at sun.reflect.NativeMethodAccessorImpl.invoke0(Native Method)
	at sun.reflect.NativeMethodAccessorImpl.invoke(NativeMethodAccessorImpl.java:62)
	at sun.reflect.DelegatingMethodAccessorImpl.invoke(DelegatingMethodAccessorImpl.java:43)
	at java.lang.reflect.Method.invoke(Method.java:497)
	at org.testng.internal.MethodInvocationHelper.invokeMethod(MethodInvocationHelper.java:85)
	at org.testng.internal.Invoker.invokeMethod(Invoker.java:639)
	at org.testng.internal.Invoker.invokeTestMethod(Invoker.java:816)
	at org.testng.internal.Invoker.invokeTestMethods(Invoker.java:1124)
	at org.testng.internal.TestMethodWorker.invokeTestMethods(TestMethodWorker.java:125)
	at org.testng.internal.TestMethodWorker.run(TestMethodWorker.java:108)
	at org.testng.TestRunner.privateRun(TestRunner.java:774)
	at org.testng.TestRunner.run(TestRunner.java:624)
	at org.testng.SuiteRunner.runTest(SuiteRunner.java:359)
	at org.testng.SuiteRunner.runSequentially(SuiteRunner.java:354)
	at org.testng.SuiteRunner.privateRun(SuiteRunner.java:312)
	at org.testng.SuiteRunner.run(SuiteRunner.java:261)
	at org.testng.SuiteRunnerWorker.runSuite(SuiteRunnerWorker.java:52)
	at org.testng.SuiteRunnerWorker.run(SuiteRunnerWorker.java:86)
	at org.testng.TestNG.runSuitesSequentially(TestNG.java:1215)
	at org.testng.TestNG.runSuitesLocally(TestNG.java:1140)
	at org.testng.TestNG.run(TestNG.java:1048)
	at org.testng.remote.RemoteTestNG.run(RemoteTestNG.java:112)
	at org.testng.remote.RemoteTestNG.initAndRun(RemoteTestNG.java:205)
	at org.testng.remote.RemoteTestNG.main(RemoteTestNG.java:176)
]]>
            </full-stacktrace>
          </exception> <!-- java.lang.AssertionError -->
          <reporter-output>
          </reporter-output>
        </test-method> <!-- verifyHomePage -->
        <test-method status="PASS" signature="tearDown()[pri:0, instance:com.qoh332.common.tests.BasePageTestPortal2@3b6eb2ec]" name="tearDown" is-config="true" duration-ms="694" started-at="2016-02-17T13:38:44Z" finished-at="2016-02-17T13:38:44Z">
          <reporter-output>
          </reporter-output>
        </test-method> <!-- tearDown -->
      </class> <!-- com.qoh332.common.tests.BasePageTestPortal2 -->
    </test> <!-- sample test -->
  </suite> <!-- Page Object test Portal2 -->
</testng-results>
