<?xml version="1.0" encoding="UTF-8"?>
<!-- Generated by org.testng.reporters.JUnitXMLReporter -->
<testsuite hostname="LH11-08" name="sample test" tests="1" failures="1" timestamp="17 Feb 2016 03:38:44 GMT" time="7.071" errors="0">
  <testcase name="verifyHomePage" time="0.03" classname="com.qoh332.common.tests.BasePageTestPortal2">
    <failure type="java.lang.AssertionError" message="Home Page title doesn&amp;apos;t match expected [true] but found [false]">
      <![CDATA[java.lang.AssertionError: Home Page title doesn't match expected [true] but found [false]
	at com.qoh332.common.tests.BasePageTestPortal2.verifyHomePage(BasePageTestPortal2.java:26)
... Removed 27 stack frames]]>
    </failure>
  </testcase> <!-- verifyHomePage -->
</testsuite> <!-- sample test -->
